build/app/intermediates/manifest_merge_blame_file/debug/manifest-merger-blame-debug-report.txt
1<?xml version="1.0" encoding="utf-8"?>
2<manifest xmlns:android="http://schemas.android.com/apk/res/android"
3    package="com.example.grabsmartly"
4    android:versionCode="1"
5    android:versionName="1.0.0" >
6
7    <uses-sdk
8        android:minSdkVersion="21"
9        android:targetSdkVersion="33" />
10    <!--
11         The INTERNET permission is required for development. Specifically,
12         the Flutter tool needs it to communicate with the running application
13         to allow setting breakpoints, to provide hot reload, etc.
14    -->
15    <uses-permission android:name="android.permission.INTERNET" />
15-->src/debug/AndroidManifest.xml:6:5-66
15-->src/debug/AndroidManifest.xml:6:22-64
16    <uses-permission android:name="android.permission.ACCESS_NETWORK_STATE" />
16-->[com.google.firebase:firebase-auth:22.3.0] AndroidManifest.xml:26:5-79
16-->[com.google.firebase:firebase-auth:22.3.0] AndroidManifest.xml:26:22-76
17
18    <queries>
18-->[com.facebook.android:facebook-common:16.2.0] AndroidManifest.xml:17:5-19:15
19        <package android:name="com.facebook.katana" />
19-->[com.facebook.android:facebook-common:16.2.0] AndroidManifest.xml:18:9-55
19-->[com.facebook.android:facebook-common:16.2.0] AndroidManifest.xml:18:18-52
20    </queries>
21
22    <uses-permission android:name="com.google.android.gms.permission.AD_ID" />
22-->[com.facebook.android:facebook-core:16.2.0] AndroidManifest.xml:16:5-79
22-->[com.facebook.android:facebook-core:16.2.0] AndroidManifest.xml:16:22-76
23    <uses-permission android:name="com.google.android.finsky.permission.BIND_GET_INSTALL_REFERRER_SERVICE" />
23-->[com.android.installreferrer:installreferrer:1.0] AndroidManifest.xml:9:5-110
23-->[com.android.installreferrer:installreferrer:1.0] AndroidManifest.xml:9:22-107
24
25    <application
26        android:name="io.flutter.app.FlutterMultiDexApplication"
27        android:appComponentFactory="androidx.core.app.CoreComponentFactory"
27-->[androidx.core:core:1.6.0] AndroidManifest.xml:24:18-86
28        android:debuggable="true"
29        android:enableOnBackInvokedCallback="true"
30        android:icon="@mipmap/ic_launcher"
31        android:label="GrabSmartly"
32        android:supportsRtl="true" >
32-->[com.facebook.android:facebook-login:16.2.0] AndroidManifest.xml:16:18-44
33        <activity
34            android:name="com.example.grabsmartly.MainActivity"
35            android:configChanges="orientation|keyboardHidden|keyboard|screenSize|smallestScreenSize|locale|layoutDirection|fontScale|screenLayout|density|uiMode"
36            android:exported="true"
37            android:hardwareAccelerated="true"
38            android:launchMode="singleTop"
39            android:theme="@style/LaunchTheme"
40            android:windowSoftInputMode="adjustResize" >
41
42            <!--
43                 Specifies an Android theme to apply to this Activity as soon as
44                 the Android process has started. This theme is visible to the user
45                 while the Flutter UI initializes. After that, this theme continues
46                 to determine the Window background behind the Flutter UI.
47            -->
48            <meta-data
49                android:name="io.flutter.embedding.android.NormalTheme"
50                android:resource="@style/NormalTheme" />
51
52            <intent-filter>
53                <action android:name="android.intent.action.MAIN" />
54
55                <category android:name="android.intent.category.LAUNCHER" />
56            </intent-filter>
57        </activity>
58        <!--
59             Don't delete the meta-data below.
60             This is used by the Flutter tool to generate GeneratedPluginRegistrant.java
61        -->
62        <meta-data
63            android:name="flutterEmbedding"
64            android:value="2" />
65
66        <service
66-->[:firebase_auth] AndroidManifest.xml:10:9-14:19
67            android:name="com.google.firebase.components.ComponentDiscoveryService"
67-->[:firebase_auth] AndroidManifest.xml:10:18-89
68            android:directBootAware="true"
68-->[com.google.firebase:firebase-common:20.4.2] AndroidManifest.xml:32:13-43
69            android:exported="false" >
69-->[com.google.firebase:firebase-auth:22.3.0] AndroidManifest.xml:68:13-37
70            <meta-data
70-->[:firebase_auth] AndroidManifest.xml:11:13-13:85
71                android:name="com.google.firebase.components:io.flutter.plugins.firebase.auth.FlutterFirebaseAuthRegistrar"
71-->[:firebase_auth] AndroidManifest.xml:12:17-124
72                android:value="com.google.firebase.components.ComponentRegistrar" />
72-->[:firebase_auth] AndroidManifest.xml:13:17-82
73            <meta-data
73-->[:cloud_firestore] AndroidManifest.xml:11:13-13:85
74                android:name="com.google.firebase.components:io.flutter.plugins.firebase.firestore.FlutterFirebaseFirestoreRegistrar"
74-->[:cloud_firestore] AndroidManifest.xml:12:17-134
75                android:value="com.google.firebase.components.ComponentRegistrar" />
75-->[:cloud_firestore] AndroidManifest.xml:13:17-82
76            <meta-data
76-->[:firebase_core] AndroidManifest.xml:11:13-13:85
77                android:name="com.google.firebase.components:io.flutter.plugins.firebase.core.FlutterFirebaseCoreRegistrar"
77-->[:firebase_core] AndroidManifest.xml:12:17-124
78                android:value="com.google.firebase.components.ComponentRegistrar" />
78-->[:firebase_core] AndroidManifest.xml:13:17-82
79            <meta-data
79-->[com.google.firebase:firebase-auth:22.3.0] AndroidManifest.xml:69:13-71:85
80                android:name="com.google.firebase.components:com.google.firebase.auth.FirebaseAuthRegistrar"
80-->[com.google.firebase:firebase-auth:22.3.0] AndroidManifest.xml:70:17-109
81                android:value="com.google.firebase.components.ComponentRegistrar" />
81-->[com.google.firebase:firebase-auth:22.3.0] AndroidManifest.xml:71:17-82
82            <meta-data
82-->[com.google.firebase:firebase-firestore:24.9.1] AndroidManifest.xml:17:13-19:85
83                android:name="com.google.firebase.components:com.google.firebase.firestore.FirebaseFirestoreKtxRegistrar"
83-->[com.google.firebase:firebase-firestore:24.9.1] AndroidManifest.xml:18:17-122
84                android:value="com.google.firebase.components.ComponentRegistrar" />
84-->[com.google.firebase:firebase-firestore:24.9.1] AndroidManifest.xml:19:17-82
85            <meta-data
85-->[com.google.firebase:firebase-firestore:24.9.1] AndroidManifest.xml:20:13-22:85
86                android:name="com.google.firebase.components:com.google.firebase.firestore.FirestoreRegistrar"
86-->[com.google.firebase:firebase-firestore:24.9.1] AndroidManifest.xml:21:17-111
87                android:value="com.google.firebase.components.ComponentRegistrar" />
87-->[com.google.firebase:firebase-firestore:24.9.1] AndroidManifest.xml:22:17-82
88            <meta-data
88-->[com.google.firebase:firebase-common-ktx:20.4.2] AndroidManifest.xml:12:13-14:85
89                android:name="com.google.firebase.components:com.google.firebase.ktx.FirebaseCommonLegacyRegistrar"
89-->[com.google.firebase:firebase-common-ktx:20.4.2] AndroidManifest.xml:13:17-116
90                android:value="com.google.firebase.components.ComponentRegistrar" />
90-->[com.google.firebase:firebase-common-ktx:20.4.2] AndroidManifest.xml:14:17-82
91            <meta-data
91-->[com.google.firebase:firebase-common:20.4.2] AndroidManifest.xml:35:13-37:85
92                android:name="com.google.firebase.components:com.google.firebase.FirebaseCommonKtxRegistrar"
92-->[com.google.firebase:firebase-common:20.4.2] AndroidManifest.xml:36:17-109
93                android:value="com.google.firebase.components.ComponentRegistrar" />
93-->[com.google.firebase:firebase-common:20.4.2] AndroidManifest.xml:37:17-82
94        </service>
95
96        <activity
96-->[com.google.firebase:firebase-auth:22.3.0] AndroidManifest.xml:29:9-46:20
97            android:name="com.google.firebase.auth.internal.GenericIdpActivity"
97-->[com.google.firebase:firebase-auth:22.3.0] AndroidManifest.xml:30:13-80
98            android:excludeFromRecents="true"
98-->[com.google.firebase:firebase-auth:22.3.0] AndroidManifest.xml:31:13-46
99            android:exported="true"
99-->[com.google.firebase:firebase-auth:22.3.0] AndroidManifest.xml:32:13-36
100            android:launchMode="singleTask"
100-->[com.google.firebase:firebase-auth:22.3.0] AndroidManifest.xml:33:13-44
101            android:theme="@android:style/Theme.Translucent.NoTitleBar" >
101-->[com.google.firebase:firebase-auth:22.3.0] AndroidManifest.xml:34:13-72
102            <intent-filter>
102-->[com.google.firebase:firebase-auth:22.3.0] AndroidManifest.xml:35:13-45:29
103                <action android:name="android.intent.action.VIEW" />
103-->[com.google.firebase:firebase-auth:22.3.0] AndroidManifest.xml:36:17-69
103-->[com.google.firebase:firebase-auth:22.3.0] AndroidManifest.xml:36:25-66
104
105                <category android:name="android.intent.category.DEFAULT" />
105-->[com.google.firebase:firebase-auth:22.3.0] AndroidManifest.xml:38:17-76
105-->[com.google.firebase:firebase-auth:22.3.0] AndroidManifest.xml:38:27-73
106                <category android:name="android.intent.category.BROWSABLE" />
106-->[com.google.firebase:firebase-auth:22.3.0] AndroidManifest.xml:39:17-78
106-->[com.google.firebase:firebase-auth:22.3.0] AndroidManifest.xml:39:27-75
107
108                <data
108-->[com.google.firebase:firebase-auth:22.3.0] AndroidManifest.xml:41:17-44:51
109                    android:host="firebase.auth"
109-->[com.google.firebase:firebase-auth:22.3.0] AndroidManifest.xml:42:21-49
110                    android:path="/"
110-->[com.google.firebase:firebase-auth:22.3.0] AndroidManifest.xml:43:21-37
111                    android:scheme="genericidp" />
111-->[com.google.firebase:firebase-auth:22.3.0] AndroidManifest.xml:44:21-48
112            </intent-filter>
113        </activity>
114        <activity
114-->[com.google.firebase:firebase-auth:22.3.0] AndroidManifest.xml:47:9-64:20
115            android:name="com.google.firebase.auth.internal.RecaptchaActivity"
115-->[com.google.firebase:firebase-auth:22.3.0] AndroidManifest.xml:48:13-79
116            android:excludeFromRecents="true"
116-->[com.google.firebase:firebase-auth:22.3.0] AndroidManifest.xml:49:13-46
117            android:exported="true"
117-->[com.google.firebase:firebase-auth:22.3.0] AndroidManifest.xml:50:13-36
118            android:launchMode="singleTask"
118-->[com.google.firebase:firebase-auth:22.3.0] AndroidManifest.xml:51:13-44
119            android:theme="@android:style/Theme.Translucent.NoTitleBar" >
119-->[com.google.firebase:firebase-auth:22.3.0] AndroidManifest.xml:52:13-72
120            <intent-filter>
120-->[com.google.firebase:firebase-auth:22.3.0] AndroidManifest.xml:53:13-63:29
121                <action android:name="android.intent.action.VIEW" />
121-->[com.google.firebase:firebase-auth:22.3.0] AndroidManifest.xml:36:17-69
121-->[com.google.firebase:firebase-auth:22.3.0] AndroidManifest.xml:36:25-66
122
123                <category android:name="android.intent.category.DEFAULT" />
123-->[com.google.firebase:firebase-auth:22.3.0] AndroidManifest.xml:38:17-76
123-->[com.google.firebase:firebase-auth:22.3.0] AndroidManifest.xml:38:27-73
124                <category android:name="android.intent.category.BROWSABLE" />
124-->[com.google.firebase:firebase-auth:22.3.0] AndroidManifest.xml:39:17-78
124-->[com.google.firebase:firebase-auth:22.3.0] AndroidManifest.xml:39:27-75
125
126                <data
126-->[com.google.firebase:firebase-auth:22.3.0] AndroidManifest.xml:41:17-44:51
127                    android:host="firebase.auth"
127-->[com.google.firebase:firebase-auth:22.3.0] AndroidManifest.xml:42:21-49
128                    android:path="/"
128-->[com.google.firebase:firebase-auth:22.3.0] AndroidManifest.xml:43:21-37
129                    android:scheme="recaptcha" />
129-->[com.google.firebase:firebase-auth:22.3.0] AndroidManifest.xml:44:21-48
130            </intent-filter>
131        </activity>
132
133        <provider
133-->[com.google.firebase:firebase-common:20.4.2] AndroidManifest.xml:23:9-28:39
134            android:name="com.google.firebase.provider.FirebaseInitProvider"
134-->[com.google.firebase:firebase-common:20.4.2] AndroidManifest.xml:24:13-77
135            android:authorities="com.example.grabsmartly.firebaseinitprovider"
135-->[com.google.firebase:firebase-common:20.4.2] AndroidManifest.xml:25:13-72
136            android:directBootAware="true"
136-->[com.google.firebase:firebase-common:20.4.2] AndroidManifest.xml:26:13-43
137            android:exported="false"
137-->[com.google.firebase:firebase-common:20.4.2] AndroidManifest.xml:27:13-37
138            android:initOrder="100" />
138-->[com.google.firebase:firebase-common:20.4.2] AndroidManifest.xml:28:13-36
139
140        <uses-library
140-->[androidx.window:window:1.0.0-beta04] AndroidManifest.xml:25:9-27:40
141            android:name="androidx.window.extensions"
141-->[androidx.window:window:1.0.0-beta04] AndroidManifest.xml:26:13-54
142            android:required="false" />
142-->[androidx.window:window:1.0.0-beta04] AndroidManifest.xml:27:13-37
143        <uses-library
143-->[androidx.window:window:1.0.0-beta04] AndroidManifest.xml:28:9-30:40
144            android:name="androidx.window.sidecar"
144-->[androidx.window:window:1.0.0-beta04] AndroidManifest.xml:29:13-51
145            android:required="false" />
145-->[androidx.window:window:1.0.0-beta04] AndroidManifest.xml:30:13-37
146
147        <activity
147-->[com.facebook.android:facebook-common:16.2.0] AndroidManifest.xml:22:9-25:66
148            android:name="com.facebook.FacebookActivity"
148-->[com.facebook.android:facebook-common:16.2.0] AndroidManifest.xml:23:13-57
149            android:configChanges="keyboard|keyboardHidden|screenLayout|screenSize|orientation"
149-->[com.facebook.android:facebook-common:16.2.0] AndroidManifest.xml:24:13-96
150            android:theme="@style/com_facebook_activity_theme" />
150-->[com.facebook.android:facebook-common:16.2.0] AndroidManifest.xml:25:13-63
151        <activity android:name="com.facebook.CustomTabMainActivity" />
151-->[com.facebook.android:facebook-common:16.2.0] AndroidManifest.xml:26:9-71
151-->[com.facebook.android:facebook-common:16.2.0] AndroidManifest.xml:26:19-68
152        <activity
152-->[com.facebook.android:facebook-common:16.2.0] AndroidManifest.xml:27:9-41:20
153            android:name="com.facebook.CustomTabActivity"
153-->[com.facebook.android:facebook-common:16.2.0] AndroidManifest.xml:28:13-58
154            android:exported="true" >
154-->[com.facebook.android:facebook-common:16.2.0] AndroidManifest.xml:29:13-36
155            <intent-filter>
155-->[com.facebook.android:facebook-common:16.2.0] AndroidManifest.xml:31:13-40:29
156                <action android:name="android.intent.action.VIEW" />
156-->[com.google.firebase:firebase-auth:22.3.0] AndroidManifest.xml:36:17-69
156-->[com.google.firebase:firebase-auth:22.3.0] AndroidManifest.xml:36:25-66
157
158                <category android:name="android.intent.category.DEFAULT" />
158-->[com.google.firebase:firebase-auth:22.3.0] AndroidManifest.xml:38:17-76
158-->[com.google.firebase:firebase-auth:22.3.0] AndroidManifest.xml:38:27-73
159                <category android:name="android.intent.category.BROWSABLE" />
159-->[com.google.firebase:firebase-auth:22.3.0] AndroidManifest.xml:39:17-78
159-->[com.google.firebase:firebase-auth:22.3.0] AndroidManifest.xml:39:27-75
160
161                <data
161-->[com.google.firebase:firebase-auth:22.3.0] AndroidManifest.xml:41:17-44:51
162                    android:host="cct.com.example.grabsmartly"
162-->[com.google.firebase:firebase-auth:22.3.0] AndroidManifest.xml:42:21-49
163                    android:scheme="fbconnect" />
163-->[com.google.firebase:firebase-auth:22.3.0] AndroidManifest.xml:44:21-48
164            </intent-filter>
165        </activity>
166        <activity
166-->[com.google.android.gms:play-services-auth:20.7.0] AndroidManifest.xml:23:9-27:75
167            android:name="com.google.android.gms.auth.api.signin.internal.SignInHubActivity"
167-->[com.google.android.gms:play-services-auth:20.7.0] AndroidManifest.xml:24:13-93
168            android:excludeFromRecents="true"
168-->[com.google.android.gms:play-services-auth:20.7.0] AndroidManifest.xml:25:13-46
169            android:exported="false"
169-->[com.google.android.gms:play-services-auth:20.7.0] AndroidManifest.xml:26:13-37
170            android:theme="@android:style/Theme.Translucent.NoTitleBar" />
170-->[com.google.android.gms:play-services-auth:20.7.0] AndroidManifest.xml:27:13-72
171        <!--
172            Service handling Google Sign-In user revocation. For apps that do not integrate with
173            Google Sign-In, this service will never be started.
174        -->
175        <service
175-->[com.google.android.gms:play-services-auth:20.7.0] AndroidManifest.xml:33:9-37:51
176            android:name="com.google.android.gms.auth.api.signin.RevocationBoundService"
176-->[com.google.android.gms:play-services-auth:20.7.0] AndroidManifest.xml:34:13-89
177            android:exported="true"
177-->[com.google.android.gms:play-services-auth:20.7.0] AndroidManifest.xml:35:13-36
178            android:permission="com.google.android.gms.auth.api.signin.permission.REVOCATION_NOTIFICATION"
178-->[com.google.android.gms:play-services-auth:20.7.0] AndroidManifest.xml:36:13-107
179            android:visibleToInstantApps="true" />
179-->[com.google.android.gms:play-services-auth:20.7.0] AndroidManifest.xml:37:13-48
180
181        <activity
181-->[com.google.android.gms:play-services-base:18.0.1] AndroidManifest.xml:20:9-22:45
182            android:name="com.google.android.gms.common.api.GoogleApiActivity"
182-->[com.google.android.gms:play-services-base:18.0.1] AndroidManifest.xml:20:19-85
183            android:exported="false"
183-->[com.google.android.gms:play-services-base:18.0.1] AndroidManifest.xml:22:19-43
184            android:theme="@android:style/Theme.Translucent.NoTitleBar" />
184-->[com.google.android.gms:play-services-base:18.0.1] AndroidManifest.xml:21:19-78
185
186        <meta-data
186-->[com.google.android.gms:play-services-basement:18.2.0] AndroidManifest.xml:21:9-23:69
187            android:name="com.google.android.gms.version"
187-->[com.google.android.gms:play-services-basement:18.2.0] AndroidManifest.xml:22:13-58
188            android:value="@integer/google_play_services_version" />
188-->[com.google.android.gms:play-services-basement:18.2.0] AndroidManifest.xml:23:13-66
189        <!--
190         The initialization ContentProvider will call FacebookSdk.sdkInitialize automatically
191         with the application context. This config is merged in with the host app's manifest,
192         but there can only be one provider with the same authority activated at any given
193         point; so if the end user has two or more different apps that use Facebook SDK, only the
194         first one will be able to use the provider. To work around this problem, we use the
195         following placeholder in the authority to identify each host application as if it was
196         a completely different provider.
197        -->
198        <provider
198-->[com.facebook.android:facebook-core:16.2.0] AndroidManifest.xml:29:9-32:40
199            android:name="com.facebook.internal.FacebookInitProvider"
199-->[com.facebook.android:facebook-core:16.2.0] AndroidManifest.xml:30:13-70
200            android:authorities="com.example.grabsmartly.FacebookInitProvider"
200-->[com.facebook.android:facebook-core:16.2.0] AndroidManifest.xml:31:13-72
201            android:exported="false" />
201-->[com.facebook.android:facebook-core:16.2.0] AndroidManifest.xml:32:13-37
202
203        <receiver
203-->[com.facebook.android:facebook-core:16.2.0] AndroidManifest.xml:34:9-40:20
204            android:name="com.facebook.CurrentAccessTokenExpirationBroadcastReceiver"
204-->[com.facebook.android:facebook-core:16.2.0] AndroidManifest.xml:35:13-86
205            android:exported="false" >
205-->[com.facebook.android:facebook-core:16.2.0] AndroidManifest.xml:36:13-37
206            <intent-filter>
206-->[com.facebook.android:facebook-core:16.2.0] AndroidManifest.xml:37:13-39:29
207                <action android:name="com.facebook.sdk.ACTION_CURRENT_ACCESS_TOKEN_CHANGED" />
207-->[com.facebook.android:facebook-core:16.2.0] AndroidManifest.xml:38:17-95
207-->[com.facebook.android:facebook-core:16.2.0] AndroidManifest.xml:38:25-92
208            </intent-filter>
209        </receiver>
210        <receiver
210-->[com.facebook.android:facebook-core:16.2.0] AndroidManifest.xml:41:9-47:20
211            android:name="com.facebook.AuthenticationTokenManager$CurrentAuthenticationTokenChangedBroadcastReceiver"
211-->[com.facebook.android:facebook-core:16.2.0] AndroidManifest.xml:42:13-118
212            android:exported="false" >
212-->[com.facebook.android:facebook-core:16.2.0] AndroidManifest.xml:43:13-37
213            <intent-filter>
213-->[com.facebook.android:facebook-core:16.2.0] AndroidManifest.xml:44:13-46:29
214                <action android:name="com.facebook.sdk.ACTION_CURRENT_AUTHENTICATION_TOKEN_CHANGED" />
214-->[com.facebook.android:facebook-core:16.2.0] AndroidManifest.xml:45:17-103
214-->[com.facebook.android:facebook-core:16.2.0] AndroidManifest.xml:45:25-100
215            </intent-filter>
216        </receiver>
217    </application>
218
219</manifest>